  ball.cpp
d:\lessons\大二下\programming\project1\project1\project1\common.h(7): warning C4091: “extern ”: 没有声明变量时忽略“Ball”的左侧
d:\lessons\大二下\programming\project1\project1\project1\common.h(8): warning C4091: “extern ”: 没有声明变量时忽略“Board”的左侧
d:\lessons\大二下\programming\project1\project1\project1\common.h(9): warning C4091: “extern ”: 没有声明变量时忽略“Block”的左侧
d:\lessons\大二下\programming\project1\project1\project1\ball.h(6): warning C4091: “extern ”: 没有声明变量时忽略“Board”的左侧
d:\lessons\大二下\programming\project1\project1\project1\ball.h(7): warning C4091: “extern ”: 没有声明变量时忽略“Block”的左侧
  block.cpp
d:\lessons\大二下\programming\project1\project1\project1\common.h(7): warning C4091: “extern ”: 没有声明变量时忽略“Ball”的左侧
d:\lessons\大二下\programming\project1\project1\project1\common.h(8): warning C4091: “extern ”: 没有声明变量时忽略“Board”的左侧
d:\lessons\大二下\programming\project1\project1\project1\common.h(9): warning C4091: “extern ”: 没有声明变量时忽略“Block”的左侧
d:\lessons\大二下\programming\project1\project1\project1\block.h(6): warning C4091: “extern ”: 没有声明变量时忽略“Ball”的左侧
d:\lessons\大二下\programming\project1\project1\project1\block.h(7): warning C4091: “extern ”: 没有声明变量时忽略“Board”的左侧
  board.cpp
d:\lessons\大二下\programming\project1\project1\project1\common.h(7): warning C4091: “extern ”: 没有声明变量时忽略“Ball”的左侧
d:\lessons\大二下\programming\project1\project1\project1\common.h(8): warning C4091: “extern ”: 没有声明变量时忽略“Board”的左侧
d:\lessons\大二下\programming\project1\project1\project1\common.h(9): warning C4091: “extern ”: 没有声明变量时忽略“Block”的左侧
d:\lessons\大二下\programming\project1\project1\project1\board.h(5): warning C4091: “extern ”: 没有声明变量时忽略“Ball”的左侧
d:\lessons\大二下\programming\project1\project1\project1\board.h(6): warning C4091: “extern ”: 没有声明变量时忽略“Block”的左侧
  common.cpp
d:\lessons\大二下\programming\project1\project1\project1\common.h(7): warning C4091: “extern ”: 没有声明变量时忽略“Ball”的左侧
d:\lessons\大二下\programming\project1\project1\project1\common.h(8): warning C4091: “extern ”: 没有声明变量时忽略“Board”的左侧
d:\lessons\大二下\programming\project1\project1\project1\common.h(9): warning C4091: “extern ”: 没有声明变量时忽略“Block”的左侧
d:\lessons\大二下\programming\project1\project1\project1\ball.h(6): warning C4091: “extern ”: 没有声明变量时忽略“Board”的左侧
d:\lessons\大二下\programming\project1\project1\project1\ball.h(7): warning C4091: “extern ”: 没有声明变量时忽略“Block”的左侧
d:\lessons\大二下\programming\project1\project1\project1\board.h(5): warning C4091: “extern ”: 没有声明变量时忽略“Ball”的左侧
d:\lessons\大二下\programming\project1\project1\project1\board.h(6): warning C4091: “extern ”: 没有声明变量时忽略“Block”的左侧
d:\lessons\大二下\programming\project1\project1\project1\block.h(6): warning C4091: “extern ”: 没有声明变量时忽略“Ball”的左侧
d:\lessons\大二下\programming\project1\project1\project1\block.h(7): warning C4091: “extern ”: 没有声明变量时忽略“Board”的左侧
  game.cpp
d:\lessons\大二下\programming\project1\project1\project1\common.h(7): warning C4091: “extern ”: 没有声明变量时忽略“Ball”的左侧
d:\lessons\大二下\programming\project1\project1\project1\common.h(8): warning C4091: “extern ”: 没有声明变量时忽略“Board”的左侧
d:\lessons\大二下\programming\project1\project1\project1\common.h(9): warning C4091: “extern ”: 没有声明变量时忽略“Block”的左侧
  main.cpp
d:\lessons\大二下\programming\project1\project1\project1\common.h(7): warning C4091: “extern ”: 没有声明变量时忽略“Ball”的左侧
d:\lessons\大二下\programming\project1\project1\project1\common.h(8): warning C4091: “extern ”: 没有声明变量时忽略“Board”的左侧
d:\lessons\大二下\programming\project1\project1\project1\common.h(9): warning C4091: “extern ”: 没有声明变量时忽略“Block”的左侧
  正在生成代码
  All 138 functions were compiled because no usable IPDB/IOBJ from previous compilation was found.
  已完成代码的生成
  Project1.vcxproj -> D:\Lessons\大二下\Programming\Project1\Project1\Release\Project1.exe
